<?xml version="1.0" encoding="UTF-8"?>
<!-- Generated by org.testng.reporters.JUnitReportReporter -->
<testsuite hostname="timus" failures="0" tests="5" name="com.selenium.TestNG1" time="3.388" errors="0" timestamp="2 Nov 2020 12:38:08 GMT">
  <testcase classname="com.selenium.TestNG1" name="doRegistration" time="0.788"/>
  <testcase classname="com.selenium.TestNG1" name="enterYear" time="0.926"/>
  <testcase classname="com.selenium.TestNG1" name="entermonth" time="1.166"/>
  <testcase classname="com.selenium.TestNG1" name="enterDate" time="0.215"/>
  <testcase classname="com.selenium.TestNG1" name="selectRadiobtn" time="0.293"/>
</testsuite> <!-- com.selenium.TestNG1 -->
