<?xml version="1.0" encoding="UTF-8"?>
<!-- Generated by org.testng.reporters.JUnitReportReporter -->
<testsuite hostname="timus" failures="0" tests="1" name="com.selenium.SeleniumBasics" time="5.936" errors="0" timestamp="3 Nov 2020 12:33:51 GMT">
  <testcase classname="com.selenium.SeleniumBasics" name="doLogin" time="5.936"/>
</testsuite> <!-- com.selenium.SeleniumBasics -->
