<?xml version="1.0" encoding="UTF-8"?>
<!-- Generated by org.testng.reporters.JUnitReportReporter -->
<testsuite hostname="timus" failures="0" tests="1" name="com.selenium.TwitterSignUp" time="5.619" errors="0" timestamp="4 Nov 2020 08:18:27 GMT">
  <testcase classname="com.selenium.TwitterSignUp" name="doSignUp" time="5.619"/>
</testsuite> <!-- com.selenium.TwitterSignUp -->
