<?xml version="1.0" encoding="UTF-8"?>
<!-- Generated by org.testng.reporters.JUnitReportReporter -->
<testsuite hostname="timus" failures="0" tests="6" name="com.selenium.TestNG1" time="4.062" errors="0" timestamp="5 Nov 2020 13:50:17 GMT">
  <testcase classname="com.selenium.TestNG1" name="enterDate" time="0.280"/>
  <testcase classname="com.selenium.TestNG1" name="entermonth" time="1.514"/>
  <testcase classname="com.selenium.TestNG1" name="doRegistration" time="0.422"/>
  <testcase classname="com.selenium.TestNG1" name="enterYear" time="1.058"/>
  <testcase classname="com.selenium.TestNG1" name="usingMathClass" time="0.419"/>
  <testcase classname="com.selenium.TestNG1" name="selectRadiobtn" time="0.369"/>
</testsuite> <!-- com.selenium.TestNG1 -->
