<?xml version="1.0" encoding="UTF-8"?>
<!-- Generated by org.testng.reporters.JUnitReportReporter -->
<testsuite hostname="timus" failures="0" tests="1" name="com.selenium.SeleniumBasics" time="8.120" errors="0" timestamp="2 Nov 2020 11:31:20 GMT">
  <testcase classname="com.selenium.SeleniumBasics" name="doLogin" time="8.120"/>
</testsuite> <!-- com.selenium.SeleniumBasics -->
