<?xml version="1.0" encoding="UTF-8"?>
<!-- Generated by org.testng.reporters.JUnitReportReporter -->
<testsuite hostname="timus" failures="0" tests="1" name="FirstProject" time="0.013" errors="0" timestamp="2 Nov 2020 03:16:01 GMT">
  <testcase classname="FirstProject" name="testDemo" time="0.013"/>
</testsuite> <!-- FirstProject -->
