<?xml version="1.0" encoding="UTF-8"?>
<!-- Generated by org.testng.reporters.JUnitReportReporter -->
<testsuite hostname="timus" failures="0" tests="2" name="TestParallelDp.TestParallel" time="4.118" errors="0" timestamp="4 Nov 2020 17:25:08 GMT">
  <testcase classname="TestParallelDp.TestParallel" name="doLlogin" time="2.089"/>
  <testcase classname="TestParallelDp.TestParallel" name="doLlogin" time="2.029"/>
</testsuite> <!-- TestParallelDp.TestParallel -->
